<?xml version="1.0" encoding="UTF-8"?>
<testng-results ignored="0" total="2" passed="2" failed="0" skipped="0">
  <reporter-output>
  </reporter-output>
  <suite started-at="2019-11-14T03:33:18 SGT" name="Default suite" finished-at="2019-11-14T03:33:39 SGT" duration-ms="21293">
    <groups>
      <group name="cucumber">
        <method signature="AbstractTestNGCucumberTests.runScenario(cucumber.api.testng.PickleEventWrapper, cucumber.api.testng.CucumberFeatureWrapper)[pri:0, instance:wrappers.Cukes@e7edb54]" name="runScenario" class="cucumber.api.testng.AbstractTestNGCucumberTests"/>
        <method signature="Cukes.scenario(cucumber.api.testng.PickleEventWrapper, cucumber.api.testng.CucumberFeatureWrapper)[pri:0, instance:wrappers.Cukes@e7edb54]" name="scenario" class="wrappers.Cukes"/>
      </group> <!-- cucumber -->
    </groups>
    <test started-at="2019-11-14T03:33:18 SGT" name="Default test" finished-at="2019-11-14T03:33:39 SGT" duration-ms="21293">
      <class name="wrappers.Cukes">
        <test-method is-config="true" signature="setUpClass()[pri:0, instance:wrappers.Cukes@e7edb54]" started-at="2019-11-14T03:33:18 SGT" name="setUpClass" finished-at="2019-11-14T03:33:32 SGT" duration-ms="14102" status="PASS">
          <reporter-output>
          </reporter-output>
        </test-method> <!-- setUpClass -->
        <test-method signature="scenario(cucumber.api.testng.PickleEventWrapper, cucumber.api.testng.CucumberFeatureWrapper)[pri:0, instance:wrappers.Cukes@e7edb54]" started-at="2019-11-14T03:33:32 SGT" name="scenario" description="Runs Cucumber Feature" data-provider="features" finished-at="2019-11-14T03:33:34 SGT" duration-ms="2235" status="PASS">
          <params>
            <param index="0">
              <value>
                <![CDATA["Sample successful login"]]>
              </value>
            </param>
            <param index="1">
              <value>
                <![CDATA["Login Profile"]]>
              </value>
            </param>
          </params>
          <reporter-output>
          </reporter-output>
        </test-method> <!-- scenario -->
        <test-method signature="scenario(cucumber.api.testng.PickleEventWrapper, cucumber.api.testng.CucumberFeatureWrapper)[pri:0, instance:wrappers.Cukes@e7edb54]" started-at="2019-11-14T03:33:34 SGT" name="scenario" description="Runs Cucumber Feature" data-provider="features" finished-at="2019-11-14T03:33:34 SGT" duration-ms="215" status="PASS">
          <params>
            <param index="0">
              <value>
                <![CDATA["Update name"]]>
              </value>
            </param>
            <param index="1">
              <value>
                <![CDATA["Login Profile"]]>
              </value>
            </param>
          </params>
          <reporter-output>
          </reporter-output>
        </test-method> <!-- scenario -->
        <test-method is-config="true" signature="tearDownClass()[pri:0, instance:wrappers.Cukes@e7edb54]" started-at="2019-11-14T03:33:34 SGT" name="tearDownClass" finished-at="2019-11-14T03:33:39 SGT" duration-ms="4673" status="PASS">
          <reporter-output>
          </reporter-output>
        </test-method> <!-- tearDownClass -->
      </class> <!-- wrappers.Cukes -->
    </test> <!-- Default test -->
  </suite> <!-- Default suite -->
</testng-results>
